Log file opened on Fri Jan 26 16:50:20 2018
Host: sesevgen-P67X-UD3-B3  pid: 11836  rank ID: 0  number of ranks:  1
                      :-) GROMACS - gmx mdrun, 2016.2 (-:

                            GROMACS is written by:
     Emile Apol      Rossen Apostolov  Herman J.C. Berendsen    Par Bjelkmar   
 Aldert van Buuren   Rudi van Drunen     Anton Feenstra    Gerrit Groenhof  
 Christoph Junghans   Anca Hamuraru    Vincent Hindriksen Dimitrios Karkoulis
    Peter Kasson        Jiri Kraus      Carsten Kutzner      Per Larsson    
  Justin A. Lemkul   Magnus Lundborg   Pieter Meulenhoff    Erik Marklund   
   Teemu Murtola       Szilard Pall       Sander Pronk      Roland Schulz   
  Alexey Shvetsov     Michael Shirts     Alfons Sijbers     Peter Tieleman  
  Teemu Virolainen  Christian Wennberg    Maarten Wolf   
                           and the project leaders:
        Mark Abraham, Berk Hess, Erik Lindahl, and David van der Spoel

Copyright (c) 1991-2000, University of Groningen, The Netherlands.
Copyright (c) 2001-2015, The GROMACS development team at
Uppsala University, Stockholm University and
the Royal Institute of Technology, Sweden.
check out http://www.gromacs.org for more information.

GROMACS is free software; you can redistribute it and/or modify it
under the terms of the GNU Lesser General Public License
as published by the Free Software Foundation; either version 2.1
of the License, or (at your option) any later version.

GROMACS:      gmx mdrun, version 2016.2
Executable:   /usr/local/gromacs/bin/gmx
Data prefix:  /usr/local/gromacs
Working dir:  /home/sesevgen/Keras/1D_CNN_Protein/ADP
Command line:
  gmx mdrun -deffnm npt_solv_long -v

GROMACS version:    2016.2
Precision:          single
Memory model:       64 bit
MPI library:        thread_mpi
OpenMP support:     enabled (GMX_OPENMP_MAX_THREADS = 32)
GPU support:        CUDA
SIMD instructions:  AVX_256
FFT library:        fftw-3.3.6-pl2-sse2-avx
RDTSCP usage:       enabled
TNG support:        enabled
Hwloc support:      hwloc-1.11.0
Tracing support:    disabled
Built on:           Tue Feb 28 18:12:14 CST 2017
Built by:           sesevgen@sesevgen-P67X-UD3-B3 [CMAKE]
Build OS/arch:      Linux 4.8.0-39-generic x86_64
Build CPU vendor:   Intel
Build CPU brand:    Intel(R) Core(TM) i5-2400 CPU @ 3.10GHz
Build CPU family:   6   Model: 42   Stepping: 7
Build CPU features: aes apic avx clfsh cmov cx8 cx16 htt lahf mmx msr nonstop_tsc pcid pclmuldq pdcm popcnt pse rdtscp sse2 sse3 sse4.1 sse4.2 ssse3 tdt x2apic
C compiler:         /usr/bin/cc GNU 5.4.1
C compiler flags:    -mavx     -O3 -DNDEBUG -funroll-all-loops -fexcess-precision=fast  
C++ compiler:       /usr/bin/c++ GNU 5.4.1
C++ compiler flags:  -mavx    -std=c++0x   -O3 -DNDEBUG -funroll-all-loops -fexcess-precision=fast  
CUDA compiler:      /usr/local/cuda/bin/nvcc nvcc: NVIDIA (R) Cuda compiler driver;Copyright (c) 2005-2016 NVIDIA Corporation;Built on Sun_Sep__4_22:14:01_CDT_2016;Cuda compilation tools, release 8.0, V8.0.44
CUDA compiler flags:-gencode;arch=compute_20,code=sm_20;-gencode;arch=compute_30,code=sm_30;-gencode;arch=compute_35,code=sm_35;-gencode;arch=compute_37,code=sm_37;-gencode;arch=compute_50,code=sm_50;-gencode;arch=compute_52,code=sm_52;-gencode;arch=compute_60,code=sm_60;-gencode;arch=compute_61,code=sm_61;-gencode;arch=compute_60,code=compute_60;-gencode;arch=compute_61,code=compute_61;-use_fast_math;-D_FORCE_INLINES;;-Xcompiler;,-mavx,,,,,,;-Xcompiler;-O3,-DNDEBUG,-funroll-all-loops,-fexcess-precision=fast,,; 
CUDA driver:        9.0
CUDA runtime:       8.0


Running on 1 node with total 4 cores, 4 logical cores, 2 compatible GPUs
Hardware detected:
  CPU info:
    Vendor: Intel
    Brand:  Intel(R) Core(TM) i5-2400 CPU @ 3.10GHz
    Family: 6   Model: 42   Stepping: 7
    Features: aes apic avx clfsh cmov cx8 cx16 htt lahf mmx msr nonstop_tsc pcid pclmuldq pdcm popcnt pse rdtscp sse2 sse3 sse4.1 sse4.2 ssse3 tdt x2apic
    SIMD instructions most likely to fit this hardware: AVX_256
    SIMD instructions selected at GROMACS compile time: AVX_256

  Hardware topology: Full, with devices
    Sockets, cores, and logical processors:
      Socket  0: [   0] [   1] [   2] [   3]
    Numa nodes:
      Node  0 (16802512896 bytes mem):   0   1   2   3
      Latency:
               0
         0  1.00
    Caches:
      L1: 32768 bytes, linesize 64 bytes, assoc. 8, shared 1 ways
      L2: 262144 bytes, linesize 64 bytes, assoc. 8, shared 1 ways
      L3: 6291456 bytes, linesize 64 bytes, assoc. 12, shared 4 ways
    PCI devices:
      0000:01:00.0  Id: 10de:1004  Class: 0x0300  Numa: 0
      0000:02:00.0  Id: 10de:1004  Class: 0x0300  Numa: 0
      0000:08:00.0  Id: 10ec:8168  Class: 0x0200  Numa: 0
      0000:09:00.0  Id: 1b4b:917a  Class: 0x0101  Numa: 0
      0000:00:1f.2  Id: 8086:1c00  Class: 0x0101  Numa: 0
      0000:00:1f.5  Id: 8086:1c08  Class: 0x0101  Numa: 0
  GPU info:
    Number of GPUs detected: 2
    #0: NVIDIA GeForce GTX 780, compute cap.: 3.5, ECC:  no, stat: compatible
    #1: NVIDIA GeForce GTX 780, compute cap.: 3.5, ECC:  no, stat: compatible


++++ PLEASE READ AND CITE THE FOLLOWING REFERENCE ++++
M. J. Abraham, T. Murtola, R. Schulz, S. Páll, J. C. Smith, B. Hess, E.
Lindahl
GROMACS: High performance molecular simulations through multi-level
parallelism from laptops to supercomputers
SoftwareX 1 (2015) pp. 19-25
-------- -------- --- Thank You --- -------- --------


++++ PLEASE READ AND CITE THE FOLLOWING REFERENCE ++++
S. Páll, M. J. Abraham, C. Kutzner, B. Hess, E. Lindahl
Tackling Exascale Software Challenges in Molecular Dynamics Simulations with
GROMACS
In S. Markidis & E. Laure (Eds.), Solving Software Challenges for Exascale 8759 (2015) pp. 3-27
-------- -------- --- Thank You --- -------- --------


++++ PLEASE READ AND CITE THE FOLLOWING REFERENCE ++++
S. Pronk, S. Páll, R. Schulz, P. Larsson, P. Bjelkmar, R. Apostolov, M. R.
Shirts, J. C. Smith, P. M. Kasson, D. van der Spoel, B. Hess, and E. Lindahl
GROMACS 4.5: a high-throughput and highly parallel open source molecular
simulation toolkit
Bioinformatics 29 (2013) pp. 845-54
-------- -------- --- Thank You --- -------- --------


++++ PLEASE READ AND CITE THE FOLLOWING REFERENCE ++++
B. Hess and C. Kutzner and D. van der Spoel and E. Lindahl
GROMACS 4: Algorithms for highly efficient, load-balanced, and scalable
molecular simulation
J. Chem. Theory Comput. 4 (2008) pp. 435-447
-------- -------- --- Thank You --- -------- --------


++++ PLEASE READ AND CITE THE FOLLOWING REFERENCE ++++
D. van der Spoel, E. Lindahl, B. Hess, G. Groenhof, A. E. Mark and H. J. C.
Berendsen
GROMACS: Fast, Flexible and Free
J. Comp. Chem. 26 (2005) pp. 1701-1719
-------- -------- --- Thank You --- -------- --------


++++ PLEASE READ AND CITE THE FOLLOWING REFERENCE ++++
E. Lindahl and B. Hess and D. van der Spoel
GROMACS 3.0: A package for molecular simulation and trajectory analysis
J. Mol. Mod. 7 (2001) pp. 306-317
-------- -------- --- Thank You --- -------- --------


++++ PLEASE READ AND CITE THE FOLLOWING REFERENCE ++++
H. J. C. Berendsen, D. van der Spoel and R. van Drunen
GROMACS: A message-passing parallel molecular dynamics implementation
Comp. Phys. Comm. 91 (1995) pp. 43-56
-------- -------- --- Thank You --- -------- --------


For optimal performance with a GPU nstlist (now 10) should be larger.
The optimum depends on your CPU and GPU resources.
You might want to try several nstlist values.
Changing nstlist from 10 to 40, rlist from 1.1 to 1.189

Input Parameters:
   integrator                     = md
   tinit                          = 0
   dt                             = 0.002
   nsteps                         = 125000000
   init-step                      = 0
   simulation-part                = 1
   comm-mode                      = Linear
   nstcomm                        = 100
   bd-fric                        = 0
   ld-seed                        = -1556112896
   emtol                          = 10
   emstep                         = 0.01
   niter                          = 20
   fcstep                         = 0
   nstcgsteep                     = 1000
   nbfgscorr                      = 10
   rtpi                           = 0.05
   nstxout                        = 500
   nstvout                        = 500
   nstfout                        = 0
   nstlog                         = 2000
   nstcalcenergy                  = 100
   nstenergy                      = 2000
   nstxout-compressed             = 0
   compressed-x-precision         = 1000
   cutoff-scheme                  = Verlet
   nstlist                        = 40
   ns-type                        = Grid
   pbc                            = xyz
   periodic-molecules             = false
   verlet-buffer-tolerance        = 0.005
   rlist                          = 1.189
   coulombtype                    = PME
   coulomb-modifier               = Potential-shift
   rcoulomb-switch                = 0
   rcoulomb                       = 1.1
   epsilon-r                      = 1
   epsilon-rf                     = inf
   vdw-type                       = Cut-off
   vdw-modifier                   = Potential-shift
   rvdw-switch                    = 0
   rvdw                           = 1.1
   DispCorr                       = EnerPres
   table-extension                = 1
   fourierspacing                 = 0.16
   fourier-nx                     = 28
   fourier-ny                     = 28
   fourier-nz                     = 28
   pme-order                      = 4
   ewald-rtol                     = 1e-05
   ewald-rtol-lj                  = 0.001
   lj-pme-comb-rule               = Geometric
   ewald-geometry                 = 0
   epsilon-surface                = 0
   implicit-solvent               = No
   gb-algorithm                   = Still
   nstgbradii                     = 1
   rgbradii                       = 1
   gb-epsilon-solvent             = 80
   gb-saltconc                    = 0
   gb-obc-alpha                   = 1
   gb-obc-beta                    = 0.8
   gb-obc-gamma                   = 4.85
   gb-dielectric-offset           = 0.009
   sa-algorithm                   = Ace-approximation
   sa-surface-tension             = 2.05016
   tcoupl                         = V-rescale
   nsttcouple                     = 10
   nh-chain-length                = 0
   print-nose-hoover-chain-variables = false
   pcoupl                         = Parrinello-Rahman
   pcoupltype                     = Isotropic
   nstpcouple                     = 10
   tau-p                          = 2
   compressibility (3x3):
      compressibility[    0]={ 4.50000e-05,  0.00000e+00,  0.00000e+00}
      compressibility[    1]={ 0.00000e+00,  4.50000e-05,  0.00000e+00}
      compressibility[    2]={ 0.00000e+00,  0.00000e+00,  4.50000e-05}
   ref-p (3x3):
      ref-p[    0]={ 9.86923e-01,  0.00000e+00,  0.00000e+00}
      ref-p[    1]={ 0.00000e+00,  9.86923e-01,  0.00000e+00}
      ref-p[    2]={ 0.00000e+00,  0.00000e+00,  9.86923e-01}
   refcoord-scaling               = No
   posres-com (3):
      posres-com[0]= 0.00000e+00
      posres-com[1]= 0.00000e+00
      posres-com[2]= 0.00000e+00
   posres-comB (3):
      posres-comB[0]= 0.00000e+00
      posres-comB[1]= 0.00000e+00
      posres-comB[2]= 0.00000e+00
   QMMM                           = false
   QMconstraints                  = 0
   QMMMscheme                     = 0
   MMChargeScaleFactor            = 1
qm-opts:
   ngQM                           = 0
   constraint-algorithm           = Lincs
   continuation                   = true
   Shake-SOR                      = false
   shake-tol                      = 0.0001
   lincs-order                    = 4
   lincs-iter                     = 2
   lincs-warnangle                = 30
   nwall                          = 0
   wall-type                      = 9-3
   wall-r-linpot                  = -1
   wall-atomtype[0]               = -1
   wall-atomtype[1]               = -1
   wall-density[0]                = 0
   wall-density[1]                = 0
   wall-ewald-zfac                = 3
   pull                           = false
   rotation                       = false
   interactiveMD                  = false
   disre                          = No
   disre-weighting                = Conservative
   disre-mixed                    = false
   dr-fc                          = 1000
   dr-tau                         = 0
   nstdisreout                    = 100
   orire-fc                       = 0
   orire-tau                      = 0
   nstorireout                    = 100
   free-energy                    = no
   cos-acceleration               = 0
   deform (3x3):
      deform[    0]={ 0.00000e+00,  0.00000e+00,  0.00000e+00}
      deform[    1]={ 0.00000e+00,  0.00000e+00,  0.00000e+00}
      deform[    2]={ 0.00000e+00,  0.00000e+00,  0.00000e+00}
   simulated-tempering            = false
   E-x:
      n = 0
   E-xt:
      n = 0
   E-y:
      n = 0
   E-yt:
      n = 0
   E-z:
      n = 0
   E-zt:
      n = 0
   swapcoords                     = no
   userint1                       = 0
   userint2                       = 0
   userint3                       = 0
   userint4                       = 0
   userreal1                      = 0
   userreal2                      = 0
   userreal3                      = 0
   userreal4                      = 0
grpopts:
   nrdf:       12999
   ref-t:      298.15
   tau-t:         0.1
annealing:          No
annealing-npoints:           0
   acc:	           0           0           0
   nfreeze:           N           N           N
   energygrp-flags[  0]: 0


Initializing Domain Decomposition on 2 ranks
Dynamic load balancing: auto
Initial maximum inter charge-group distances:
    two-body bonded interactions: 0.392 nm, LJ-14, atoms 9 19
  multi-body bonded interactions: 0.392 nm, Proper Dih., atoms 9 19
Minimum cell size due to bonded interactions: 0.431 nm
Maximum distance for 5 constraints, at 120 deg. angles, all-trans: 0.218 nm
Estimated maximum distance required for P-LINCS: 0.218 nm
Using 0 separate PME ranks, per user request
Scaling the initial minimum size with 1/0.8 (option -dds) = 1.25
Optimizing the DD grid for 2 cells with a minimum initial size of 0.539 nm
The maximum allowed number of cells is: X 7 Y 7 Z 7
Domain decomposition grid 2 x 1 x 1, separate PME ranks 0
PME domain decomposition: 2 x 1 x 1
Domain decomposition rank 0, coordinates 0 0 0

The initial number of communication pulses is: X 1
The initial domain decomposition cell size is: X 2.02 nm

The maximum allowed distance for charge groups involved in interactions is:
                 non-bonded interactions           1.189 nm
(the following are initial values, they could change due to box deformation)
            two-body bonded interactions  (-rdd)   1.189 nm
          multi-body bonded interactions  (-rdd)   1.189 nm
  atoms separated by up to 5 constraints  (-rcon)  2.015 nm

When dynamic load balancing gets turned on, these settings will change to:
The maximum number of communication pulses is: X 1
The minimum size for domain decomposition cells is 1.189 nm
The requested allowed shrink of DD cells (option -dds) is: 0.80
The allowed shrink of domain decomposition cells is: X 0.59
The maximum allowed distance for charge groups involved in interactions is:
                 non-bonded interactions           1.189 nm
            two-body bonded interactions  (-rdd)   1.189 nm
          multi-body bonded interactions  (-rdd)   1.189 nm
  atoms separated by up to 5 constraints  (-rcon)  1.189 nm

Using 2 MPI threads
Using 2 OpenMP threads per tMPI thread

2 compatible GPUs are present, with IDs 0,1
2 GPUs auto-selected for this run.
Mapping of GPU IDs to the 2 PP ranks in this node: 0,1

Will do PME sum in reciprocal space for electrostatic interactions.

++++ PLEASE READ AND CITE THE FOLLOWING REFERENCE ++++
U. Essmann, L. Perera, M. L. Berkowitz, T. Darden, H. Lee and L. G. Pedersen 
A smooth particle mesh Ewald method
J. Chem. Phys. 103 (1995) pp. 8577-8592
-------- -------- --- Thank You --- -------- --------

Will do ordinary reciprocal space Ewald sum.
Using a Gaussian width (1/beta) of 0.352179 nm for Ewald
Cut-off's:   NS: 1.189   Coulomb: 1.1   LJ: 1.1
Long Range LJ corr.: <C6> 2.7791e-04
System total charge: -0.000
Generated table with 1094 data points for Ewald.
Tabscale = 500 points/nm
Generated table with 1094 data points for LJ6.
Tabscale = 500 points/nm
Generated table with 1094 data points for LJ12.
Tabscale = 500 points/nm
Generated table with 1094 data points for 1-4 COUL.
Tabscale = 500 points/nm
Generated table with 1094 data points for 1-4 LJ6.
Tabscale = 500 points/nm
Generated table with 1094 data points for 1-4 LJ12.
Tabscale = 500 points/nm
Potential shift: LJ r^-12: -3.186e-01 r^-6: -5.645e-01, Ewald -1.000e-05
Initialized non-bonded Ewald correction tables, spacing: 9.79e-04 size: 1126


Using GPU 8x8 non-bonded kernels

Using Lorentz-Berthelot Lennard-Jones combination rule

Pinning threads with an auto-selected logical core stride of 1

Initializing Parallel LINear Constraint Solver

++++ PLEASE READ AND CITE THE FOLLOWING REFERENCE ++++
B. Hess
P-LINCS: A Parallel Linear Constraint Solver for molecular simulation
J. Chem. Theory Comput. 4 (2008) pp. 116-122
-------- -------- --- Thank You --- -------- --------

The number of constraints is 12
There are inter charge-group constraints,
will communicate selected coordinates each lincs iteration

++++ PLEASE READ AND CITE THE FOLLOWING REFERENCE ++++
S. Miyamoto and P. A. Kollman
SETTLE: An Analytical Version of the SHAKE and RATTLE Algorithms for Rigid
Water Models
J. Comp. Chem. 13 (1992) pp. 952-962
-------- -------- --- Thank You --- -------- --------


Linking all bonded interactions to atoms

Intra-simulation communication will occur every 10 steps.
Center of mass motion removal mode is Linear
We have the following groups for center of mass motion removal:
  0:  rest

++++ PLEASE READ AND CITE THE FOLLOWING REFERENCE ++++
G. Bussi, D. Donadio and M. Parrinello
Canonical sampling through velocity rescaling
J. Chem. Phys. 126 (2007) pp. 014101
-------- -------- --- Thank You --- -------- --------

There are: 6496 Atoms
Atom distribution over 2 domains: av 3248 stddev 29 min 3219 max 3277

NOTE: DLB will not turn on during the first phase of PME tuning

Initial temperature: 295.789 K

Started mdrun on rank 0 Fri Jan 26 16:50:21 2018
           Step           Time
              0        0.00000

   Energies (kJ/mol)
           Bond          Angle    Proper Dih.  Improper Dih.          LJ-14
    1.32087e+01    2.81510e+01    5.06654e+01    1.95860e+00    1.21864e+01
     Coulomb-14        LJ (SR)  Disper. corr.   Coulomb (SR)   Coul. recip.
    1.98900e+02    1.36829e+04   -5.62966e+02   -1.00242e+05    3.77139e+02
      Potential    Kinetic En.   Total Energy    Temperature Pres. DC (bar)
   -8.64398e+04    1.60637e+04   -7.03761e+04    2.97256e+02   -1.42854e+02
 Pressure (bar)   Constr. rmsd
    2.10295e+02    5.54355e-07

DD  step 39 load imb.: force  6.3%

step   80: timed with pme grid 28 28 28, coulomb cutoff 1.100: 87.5 M-cycles
step  160: timed with pme grid 24 24 24, coulomb cutoff 1.155: 79.2 M-cycles
step  240: timed with pme grid 20 20 20, coulomb cutoff 1.386: 78.9 M-cycles
step  320: timed with pme grid 16 16 16, coulomb cutoff 1.732: 93.8 M-cycles
step  400: timed with pme grid 20 20 20, coulomb cutoff 1.386: 79.8 M-cycles
step  480: timed with pme grid 24 24 24, coulomb cutoff 1.155: 83.3 M-cycles
step  560: timed with pme grid 25 25 25, coulomb cutoff 1.109: 86.2 M-cycles
step  640: timed with pme grid 28 28 28, coulomb cutoff 1.100: 87.4 M-cycles
              optimal pme grid 20 20 20, coulomb cutoff 1.386

NOTE: DLB can now turn on, when beneficial

DD  step 1999 load imb.: force  6.6%

           Step           Time
           2000        4.00000

   Energies (kJ/mol)
           Bond          Angle    Proper Dih.  Improper Dih.          LJ-14
    1.65754e+01    4.23910e+01    4.26084e+01    2.09312e+00    1.46740e+01
     Coulomb-14        LJ (SR)  Disper. corr.   Coulomb (SR)   Coul. recip.
    1.95844e+02    1.35841e+04   -5.58414e+02   -1.00182e+05    1.65953e+02
      Potential    Kinetic En.   Total Energy    Temperature Pres. DC (bar)
   -8.66760e+04    1.65112e+04   -7.01649e+04    3.05537e+02   -1.40555e+02
 Pressure (bar)   Constr. rmsd
    1.13656e+02    4.29815e-07

DD  step 3999 load imb.: force  3.8%

           Step           Time
           4000        8.00000

   Energies (kJ/mol)
           Bond          Angle    Proper Dih.  Improper Dih.          LJ-14
    1.45988e+01    2.30135e+01    4.37924e+01    2.49464e+00    1.19626e+01
     Coulomb-14        LJ (SR)  Disper. corr.   Coulomb (SR)   Coul. recip.
    1.94244e+02    1.35211e+04   -5.61329e+02   -9.98169e+04    2.01022e+02
      Potential    Kinetic En.   Total Energy    Temperature Pres. DC (bar)
   -8.63660e+04    1.55600e+04   -7.08060e+04    2.87936e+02   -1.42025e+02
 Pressure (bar)   Constr. rmsd
    8.36967e+01    3.43266e-07

DD  step 5999 load imb.: force  6.8%

           Step           Time
           6000       12.00000

   Energies (kJ/mol)
           Bond          Angle    Proper Dih.  Improper Dih.          LJ-14
    5.38291e+00    4.73067e+01    4.29167e+01    2.36362e+00    1.15599e+01
     Coulomb-14        LJ (SR)  Disper. corr.   Coulomb (SR)   Coul. recip.
    1.90320e+02    1.40419e+04   -5.60528e+02   -1.00944e+05    1.86275e+02
      Potential    Kinetic En.   Total Energy    Temperature Pres. DC (bar)
   -8.69767e+04    1.59872e+04   -7.09895e+04    2.95842e+02   -1.41621e+02
 Pressure (bar)   Constr. rmsd
    2.30971e+02    6.37565e-07

DD  step 7999 load imb.: force  3.7%

           Step           Time
           8000       16.00000

   Energies (kJ/mol)
           Bond          Angle    Proper Dih.  Improper Dih.          LJ-14
    3.00494e+01    4.25973e+01    4.96819e+01    2.23096e+00    1.12766e+01
     Coulomb-14        LJ (SR)  Disper. corr.   Coulomb (SR)   Coul. recip.
    1.76130e+02    1.29800e+04   -5.60012e+02   -9.90969e+04    1.59275e+02
      Potential    Kinetic En.   Total Energy    Temperature Pres. DC (bar)
   -8.62056e+04    1.62180e+04   -6.99877e+04    3.00111e+02   -1.41360e+02
 Pressure (bar)   Constr. rmsd
   -3.49272e+02    4.78077e-07

DD  step 9999 load imb.: force  4.7%

           Step           Time
          10000       20.00000

   Energies (kJ/mol)
           Bond          Angle    Proper Dih.  Improper Dih.          LJ-14
    1.31455e+01    4.48205e+01    5.44974e+01    5.40542e+00    1.34110e+01
     Coulomb-14        LJ (SR)  Disper. corr.   Coulomb (SR)   Coul. recip.
    1.91928e+02    1.33770e+04   -5.65724e+02   -1.00215e+05    1.98128e+02
      Potential    Kinetic En.   Total Energy    Temperature Pres. DC (bar)
   -8.68829e+04    1.60732e+04   -7.08097e+04    2.97432e+02   -1.44256e+02
 Pressure (bar)   Constr. rmsd
    2.48710e+01    3.58042e-07

DD  step 11999 load imb.: force  1.5%

           Step           Time
          12000       24.00000

   Energies (kJ/mol)
           Bond          Angle    Proper Dih.  Improper Dih.          LJ-14
    6.12949e+00    3.07654e+01    4.28740e+01    1.70877e+00    1.82160e+01
     Coulomb-14        LJ (SR)  Disper. corr.   Coulomb (SR)   Coul. recip.
    2.01223e+02    1.34687e+04   -5.56994e+02   -1.00256e+05    1.60527e+02
      Potential    Kinetic En.   Total Energy    Temperature Pres. DC (bar)
   -8.68826e+04    1.56207e+04   -7.12620e+04    2.89058e+02   -1.39842e+02
 Pressure (bar)   Constr. rmsd
   -2.97832e+02    5.90307e-07

DD  step 13999 load imb.: force  4.0%

           Step           Time
          14000       28.00000

   Energies (kJ/mol)
           Bond          Angle    Proper Dih.  Improper Dih.          LJ-14
    1.31670e+01    4.56487e+01    4.30038e+01    3.89640e+00    1.18368e+01
     Coulomb-14        LJ (SR)  Disper. corr.   Coulomb (SR)   Coul. recip.
    2.05566e+02    1.41408e+04   -5.65566e+02   -1.00894e+05    1.72260e+02
      Potential    Kinetic En.   Total Energy    Temperature Pres. DC (bar)
   -8.68237e+04    1.60046e+04   -7.08191e+04    2.96163e+02   -1.44175e+02
 Pressure (bar)   Constr. rmsd
    5.11255e+02    6.74350e-07

DD  step 15999 load imb.: force  2.2%

           Step           Time
          16000       32.00000

   Energies (kJ/mol)
           Bond          Angle    Proper Dih.  Improper Dih.          LJ-14
    2.55833e+01    5.68791e+01    4.49986e+01    1.08434e+00    9.46113e+00
     Coulomb-14        LJ (SR)  Disper. corr.   Coulomb (SR)   Coul. recip.
    1.93297e+02    1.32204e+04   -5.60963e+02   -9.95756e+04    1.80265e+02
      Potential    Kinetic En.   Total Energy    Temperature Pres. DC (bar)
   -8.64046e+04    1.63413e+04   -7.00632e+04    3.02394e+02   -1.41840e+02
 Pressure (bar)   Constr. rmsd
   -1.13349e+02    5.67289e-07

DD  step 17999 load imb.: force  1.5%

           Step           Time
          18000       36.00000

   Energies (kJ/mol)
           Bond          Angle    Proper Dih.  Improper Dih.          LJ-14
    3.27998e+01    3.85922e+01    4.82941e+01    5.44011e+00    1.92133e+01
     Coulomb-14        LJ (SR)  Disper. corr.   Coulomb (SR)   Coul. recip.
    1.99530e+02    1.39800e+04   -5.66774e+02   -1.00683e+05    1.76487e+02
      Potential    Kinetic En.   Total Energy    Temperature Pres. DC (bar)
   -8.67499e+04    1.60727e+04   -7.06772e+04    2.97422e+02   -1.44791e+02
 Pressure (bar)   Constr. rmsd
    4.83689e+02    6.85021e-07

DD  step 19999 load imb.: force  5.8%

           Step           Time
          20000       40.00000

   Energies (kJ/mol)
           Bond          Angle    Proper Dih.  Improper Dih.          LJ-14
    1.89919e+01    4.32843e+01    4.49907e+01    2.75497e+00    7.30553e+00
     Coulomb-14        LJ (SR)  Disper. corr.   Coulomb (SR)   Coul. recip.
    1.91131e+02    1.36459e+04   -5.64222e+02   -1.00496e+05    1.93939e+02
      Potential    Kinetic En.   Total Energy    Temperature Pres. DC (bar)
   -8.69115e+04    1.58651e+04   -7.10464e+04    2.93581e+02   -1.43492e+02
 Pressure (bar)   Constr. rmsd
    1.75965e+01    1.04973e-06

DD  step 21999 load imb.: force  2.3%

           Step           Time
          22000       44.00000

   Energies (kJ/mol)
           Bond          Angle    Proper Dih.  Improper Dih.          LJ-14
    2.53248e+01    2.60875e+01    4.45609e+01    6.64898e+00    1.75115e+01
     Coulomb-14        LJ (SR)  Disper. corr.   Coulomb (SR)   Coul. recip.
    2.03311e+02    1.38237e+04   -5.63651e+02   -1.00881e+05    1.80317e+02
      Potential    Kinetic En.   Total Energy    Temperature Pres. DC (bar)
   -8.71171e+04    1.64471e+04   -7.06700e+04    3.04352e+02   -1.43202e+02
 Pressure (bar)   Constr. rmsd
    1.75134e+02    5.17051e-07

DD  step 23999 load imb.: force  4.1%

           Step           Time
          24000       48.00000

   Energies (kJ/mol)
           Bond          Angle    Proper Dih.  Improper Dih.          LJ-14
    1.44991e+01    4.93342e+01    4.74374e+01    4.55768e+00    1.87687e+01
     Coulomb-14        LJ (SR)  Disper. corr.   Coulomb (SR)   Coul. recip.
    2.09759e+02    1.34860e+04   -5.60325e+02   -9.99610e+04    1.70234e+02
      Potential    Kinetic En.   Total Energy    Temperature Pres. DC (bar)
   -8.65208e+04    1.63814e+04   -7.01394e+04    3.03135e+02   -1.41518e+02
 Pressure (bar)   Constr. rmsd
    1.46392e+01    6.38030e-07

DD  step 25999 load imb.: force  0.7%

           Step           Time
          26000       52.00000

   Energies (kJ/mol)
           Bond          Angle    Proper Dih.  Improper Dih.          LJ-14
    1.93175e+01    5.24302e+01    4.56652e+01    8.23933e-01    1.44595e+01
     Coulomb-14        LJ (SR)  Disper. corr.   Coulomb (SR)   Coul. recip.
    1.86029e+02    1.42700e+04   -5.68162e+02   -1.01095e+05    1.51532e+02
      Potential    Kinetic En.   Total Energy    Temperature Pres. DC (bar)
   -8.69225e+04    1.62816e+04   -7.06408e+04    3.01290e+02   -1.45501e+02
 Pressure (bar)   Constr. rmsd
    8.01244e+02    6.64843e-07

DD  step 27999 load imb.: force  0.9%

           Step           Time
          28000       56.00000

   Energies (kJ/mol)
           Bond          Angle    Proper Dih.  Improper Dih.          LJ-14
    1.28884e+01    5.56028e+01    5.21257e+01    8.23234e-01    9.13465e+00
     Coulomb-14        LJ (SR)  Disper. corr.   Coulomb (SR)   Coul. recip.
    1.91261e+02    1.34506e+04   -5.64077e+02   -1.00643e+05    1.73719e+02
      Potential    Kinetic En.   Total Energy    Temperature Pres. DC (bar)
   -8.72608e+04    1.59989e+04   -7.12619e+04    2.96058e+02   -1.43418e+02
 Pressure (bar)   Constr. rmsd
   -2.24670e+02    8.71261e-07

DD  step 29999 load imb.: force  0.3%

           Step           Time
          30000       60.00000

   Energies (kJ/mol)
           Bond          Angle    Proper Dih.  Improper Dih.          LJ-14
    2.29343e+01    4.68731e+01    4.18238e+01    1.26514e+00    9.92245e+00
     Coulomb-14        LJ (SR)  Disper. corr.   Coulomb (SR)   Coul. recip.
    1.79357e+02    1.40623e+04   -5.63983e+02   -1.01206e+05    1.76796e+02
      Potential    Kinetic En.   Total Energy    Temperature Pres. DC (bar)
   -8.72288e+04    1.63554e+04   -7.08734e+04    3.02655e+02   -1.43370e+02
 Pressure (bar)   Constr. rmsd
    3.21882e+02    8.57907e-07

DD  step 31999 load imb.: force  1.7%

           Step           Time
          32000       64.00000

   Energies (kJ/mol)
           Bond          Angle    Proper Dih.  Improper Dih.          LJ-14
    8.14488e+00    4.51474e+01    3.99051e+01    3.23591e+00    1.77423e+01
     Coulomb-14        LJ (SR)  Disper. corr.   Coulomb (SR)   Coul. recip.
    2.14290e+02    1.36227e+04   -5.60617e+02   -1.00585e+05    1.89933e+02
      Potential    Kinetic En.   Total Energy    Temperature Pres. DC (bar)
   -8.70045e+04    1.63025e+04   -7.07020e+04    3.01675e+02   -1.41665e+02
 Pressure (bar)   Constr. rmsd
   -5.29616e+01    5.22462e-07

DD  step 33999 load imb.: force 12.9%

           Step           Time
          34000       68.00000

   Energies (kJ/mol)
           Bond          Angle    Proper Dih.  Improper Dih.          LJ-14
    1.26177e+01    4.00567e+01    3.94542e+01    2.04423e-01    1.57596e+01
     Coulomb-14        LJ (SR)  Disper. corr.   Coulomb (SR)   Coul. recip.
    1.96027e+02    1.34711e+04   -5.59350e+02   -1.00384e+05    1.82281e+02
      Potential    Kinetic En.   Total Energy    Temperature Pres. DC (bar)
   -8.69859e+04    1.58787e+04   -7.11071e+04    2.93834e+02   -1.41026e+02
 Pressure (bar)   Constr. rmsd
   -2.64091e+02    8.86087e-07

