Log file opened on Thu Jan 18 16:39:38 2018
Host: sesevgen-P67X-UD3-B3  pid: 11509  rank ID: 0  number of ranks:  1
                      :-) GROMACS - gmx mdrun, 2016.2 (-:

                            GROMACS is written by:
     Emile Apol      Rossen Apostolov  Herman J.C. Berendsen    Par Bjelkmar   
 Aldert van Buuren   Rudi van Drunen     Anton Feenstra    Gerrit Groenhof  
 Christoph Junghans   Anca Hamuraru    Vincent Hindriksen Dimitrios Karkoulis
    Peter Kasson        Jiri Kraus      Carsten Kutzner      Per Larsson    
  Justin A. Lemkul   Magnus Lundborg   Pieter Meulenhoff    Erik Marklund   
   Teemu Murtola       Szilard Pall       Sander Pronk      Roland Schulz   
  Alexey Shvetsov     Michael Shirts     Alfons Sijbers     Peter Tieleman  
  Teemu Virolainen  Christian Wennberg    Maarten Wolf   
                           and the project leaders:
        Mark Abraham, Berk Hess, Erik Lindahl, and David van der Spoel

Copyright (c) 1991-2000, University of Groningen, The Netherlands.
Copyright (c) 2001-2015, The GROMACS development team at
Uppsala University, Stockholm University and
the Royal Institute of Technology, Sweden.
check out http://www.gromacs.org for more information.

GROMACS is free software; you can redistribute it and/or modify it
under the terms of the GNU Lesser General Public License
as published by the Free Software Foundation; either version 2.1
of the License, or (at your option) any later version.

GROMACS:      gmx mdrun, version 2016.2
Executable:   /usr/local/gromacs/bin/gmx
Data prefix:  /usr/local/gromacs
Working dir:  /home/sesevgen/Keras/1D_CNN_Protein/deca_alanine
Command line:
  gmx mdrun -deffnm nvt -v

GROMACS version:    2016.2
Precision:          single
Memory model:       64 bit
MPI library:        thread_mpi
OpenMP support:     enabled (GMX_OPENMP_MAX_THREADS = 32)
GPU support:        CUDA
SIMD instructions:  AVX_256
FFT library:        fftw-3.3.6-pl2-sse2-avx
RDTSCP usage:       enabled
TNG support:        enabled
Hwloc support:      hwloc-1.11.0
Tracing support:    disabled
Built on:           Tue Feb 28 18:12:14 CST 2017
Built by:           sesevgen@sesevgen-P67X-UD3-B3 [CMAKE]
Build OS/arch:      Linux 4.8.0-39-generic x86_64
Build CPU vendor:   Intel
Build CPU brand:    Intel(R) Core(TM) i5-2400 CPU @ 3.10GHz
Build CPU family:   6   Model: 42   Stepping: 7
Build CPU features: aes apic avx clfsh cmov cx8 cx16 htt lahf mmx msr nonstop_tsc pcid pclmuldq pdcm popcnt pse rdtscp sse2 sse3 sse4.1 sse4.2 ssse3 tdt x2apic
C compiler:         /usr/bin/cc GNU 5.4.1
C compiler flags:    -mavx     -O3 -DNDEBUG -funroll-all-loops -fexcess-precision=fast  
C++ compiler:       /usr/bin/c++ GNU 5.4.1
C++ compiler flags:  -mavx    -std=c++0x   -O3 -DNDEBUG -funroll-all-loops -fexcess-precision=fast  
CUDA compiler:      /usr/local/cuda/bin/nvcc nvcc: NVIDIA (R) Cuda compiler driver;Copyright (c) 2005-2016 NVIDIA Corporation;Built on Sun_Sep__4_22:14:01_CDT_2016;Cuda compilation tools, release 8.0, V8.0.44
CUDA compiler flags:-gencode;arch=compute_20,code=sm_20;-gencode;arch=compute_30,code=sm_30;-gencode;arch=compute_35,code=sm_35;-gencode;arch=compute_37,code=sm_37;-gencode;arch=compute_50,code=sm_50;-gencode;arch=compute_52,code=sm_52;-gencode;arch=compute_60,code=sm_60;-gencode;arch=compute_61,code=sm_61;-gencode;arch=compute_60,code=compute_60;-gencode;arch=compute_61,code=compute_61;-use_fast_math;-D_FORCE_INLINES;;-Xcompiler;,-mavx,,,,,,;-Xcompiler;-O3,-DNDEBUG,-funroll-all-loops,-fexcess-precision=fast,,; 
CUDA driver:        9.0
CUDA runtime:       8.0


Running on 1 node with total 4 cores, 4 logical cores, 2 compatible GPUs
Hardware detected:
  CPU info:
    Vendor: Intel
    Brand:  Intel(R) Core(TM) i5-2400 CPU @ 3.10GHz
    Family: 6   Model: 42   Stepping: 7
    Features: aes apic avx clfsh cmov cx8 cx16 htt lahf mmx msr nonstop_tsc pcid pclmuldq pdcm popcnt pse rdtscp sse2 sse3 sse4.1 sse4.2 ssse3 tdt x2apic
    SIMD instructions most likely to fit this hardware: AVX_256
    SIMD instructions selected at GROMACS compile time: AVX_256

  Hardware topology: Full, with devices
    Sockets, cores, and logical processors:
      Socket  0: [   0] [   1] [   2] [   3]
    Numa nodes:
      Node  0 (16802467840 bytes mem):   0   1   2   3
      Latency:
               0
         0  1.00
    Caches:
      L1: 32768 bytes, linesize 64 bytes, assoc. 8, shared 1 ways
      L2: 262144 bytes, linesize 64 bytes, assoc. 8, shared 1 ways
      L3: 6291456 bytes, linesize 64 bytes, assoc. 12, shared 4 ways
    PCI devices:
      0000:01:00.0  Id: 10de:1004  Class: 0x0300  Numa: 0
      0000:02:00.0  Id: 10de:1004  Class: 0x0300  Numa: 0
      0000:08:00.0  Id: 10ec:8168  Class: 0x0200  Numa: 0
      0000:09:00.0  Id: 1b4b:917a  Class: 0x0101  Numa: 0
      0000:00:1f.2  Id: 8086:1c00  Class: 0x0101  Numa: 0
      0000:00:1f.5  Id: 8086:1c08  Class: 0x0101  Numa: 0
  GPU info:
    Number of GPUs detected: 2
    #0: NVIDIA GeForce GTX 780, compute cap.: 3.5, ECC:  no, stat: compatible
    #1: NVIDIA GeForce GTX 780, compute cap.: 3.5, ECC:  no, stat: compatible


++++ PLEASE READ AND CITE THE FOLLOWING REFERENCE ++++
M. J. Abraham, T. Murtola, R. Schulz, S. Páll, J. C. Smith, B. Hess, E.
Lindahl
GROMACS: High performance molecular simulations through multi-level
parallelism from laptops to supercomputers
SoftwareX 1 (2015) pp. 19-25
-------- -------- --- Thank You --- -------- --------


++++ PLEASE READ AND CITE THE FOLLOWING REFERENCE ++++
S. Páll, M. J. Abraham, C. Kutzner, B. Hess, E. Lindahl
Tackling Exascale Software Challenges in Molecular Dynamics Simulations with
GROMACS
In S. Markidis & E. Laure (Eds.), Solving Software Challenges for Exascale 8759 (2015) pp. 3-27
-------- -------- --- Thank You --- -------- --------


++++ PLEASE READ AND CITE THE FOLLOWING REFERENCE ++++
S. Pronk, S. Páll, R. Schulz, P. Larsson, P. Bjelkmar, R. Apostolov, M. R.
Shirts, J. C. Smith, P. M. Kasson, D. van der Spoel, B. Hess, and E. Lindahl
GROMACS 4.5: a high-throughput and highly parallel open source molecular
simulation toolkit
Bioinformatics 29 (2013) pp. 845-54
-------- -------- --- Thank You --- -------- --------


++++ PLEASE READ AND CITE THE FOLLOWING REFERENCE ++++
B. Hess and C. Kutzner and D. van der Spoel and E. Lindahl
GROMACS 4: Algorithms for highly efficient, load-balanced, and scalable
molecular simulation
J. Chem. Theory Comput. 4 (2008) pp. 435-447
-------- -------- --- Thank You --- -------- --------


++++ PLEASE READ AND CITE THE FOLLOWING REFERENCE ++++
D. van der Spoel, E. Lindahl, B. Hess, G. Groenhof, A. E. Mark and H. J. C.
Berendsen
GROMACS: Fast, Flexible and Free
J. Comp. Chem. 26 (2005) pp. 1701-1719
-------- -------- --- Thank You --- -------- --------


++++ PLEASE READ AND CITE THE FOLLOWING REFERENCE ++++
E. Lindahl and B. Hess and D. van der Spoel
GROMACS 3.0: A package for molecular simulation and trajectory analysis
J. Mol. Mod. 7 (2001) pp. 306-317
-------- -------- --- Thank You --- -------- --------


++++ PLEASE READ AND CITE THE FOLLOWING REFERENCE ++++
H. J. C. Berendsen, D. van der Spoel and R. van Drunen
GROMACS: A message-passing parallel molecular dynamics implementation
Comp. Phys. Comm. 91 (1995) pp. 43-56
-------- -------- --- Thank You --- -------- --------


For optimal performance with a GPU nstlist (now 10) should be larger.
The optimum depends on your CPU and GPU resources.
You might want to try several nstlist values.
Changing nstlist from 10 to 40, rlist from 1.1 to 1.1

Input Parameters:
   integrator                     = md
   tinit                          = 0
   dt                             = 0.002
   nsteps                         = 100000
   init-step                      = 0
   simulation-part                = 1
   comm-mode                      = Linear
   nstcomm                        = 100
   bd-fric                        = 0
   ld-seed                        = -872435236
   emtol                          = 10
   emstep                         = 0.01
   niter                          = 20
   fcstep                         = 0
   nstcgsteep                     = 1000
   nbfgscorr                      = 10
   rtpi                           = 0.05
   nstxout                        = 1000
   nstvout                        = 1000
   nstfout                        = 0
   nstlog                         = 2000
   nstcalcenergy                  = 100
   nstenergy                      = 2000
   nstxout-compressed             = 0
   compressed-x-precision         = 1000
   cutoff-scheme                  = Verlet
   nstlist                        = 40
   ns-type                        = Grid
   pbc                            = xyz
   periodic-molecules             = false
   verlet-buffer-tolerance        = 0.005
   rlist                          = 1.1
   coulombtype                    = PME
   coulomb-modifier               = Potential-shift
   rcoulomb-switch                = 0
   rcoulomb                       = 1.1
   epsilon-r                      = 1
   epsilon-rf                     = inf
   vdw-type                       = Cut-off
   vdw-modifier                   = Potential-shift
   rvdw-switch                    = 0
   rvdw                           = 1.1
   DispCorr                       = EnerPres
   table-extension                = 1
   fourierspacing                 = 0.16
   fourier-nx                     = 72
   fourier-ny                     = 72
   fourier-nz                     = 64
   pme-order                      = 4
   ewald-rtol                     = 1e-05
   ewald-rtol-lj                  = 0.001
   lj-pme-comb-rule               = Geometric
   ewald-geometry                 = 0
   epsilon-surface                = 0
   implicit-solvent               = No
   gb-algorithm                   = Still
   nstgbradii                     = 1
   rgbradii                       = 1
   gb-epsilon-solvent             = 80
   gb-saltconc                    = 0
   gb-obc-alpha                   = 1
   gb-obc-beta                    = 0.8
   gb-obc-gamma                   = 4.85
   gb-dielectric-offset           = 0.009
   sa-algorithm                   = Ace-approximation
   sa-surface-tension             = 2.05016
   tcoupl                         = V-rescale
   nsttcouple                     = 10
   nh-chain-length                = 0
   print-nose-hoover-chain-variables = false
   pcoupl                         = No
   pcoupltype                     = Isotropic
   nstpcouple                     = -1
   tau-p                          = 1
   compressibility (3x3):
      compressibility[    0]={ 0.00000e+00,  0.00000e+00,  0.00000e+00}
      compressibility[    1]={ 0.00000e+00,  0.00000e+00,  0.00000e+00}
      compressibility[    2]={ 0.00000e+00,  0.00000e+00,  0.00000e+00}
   ref-p (3x3):
      ref-p[    0]={ 0.00000e+00,  0.00000e+00,  0.00000e+00}
      ref-p[    1]={ 0.00000e+00,  0.00000e+00,  0.00000e+00}
      ref-p[    2]={ 0.00000e+00,  0.00000e+00,  0.00000e+00}
   refcoord-scaling               = No
   posres-com (3):
      posres-com[0]= 0.00000e+00
      posres-com[1]= 0.00000e+00
      posres-com[2]= 0.00000e+00
   posres-comB (3):
      posres-comB[0]= 0.00000e+00
      posres-comB[1]= 0.00000e+00
      posres-comB[2]= 0.00000e+00
   QMMM                           = false
   QMconstraints                  = 0
   QMMMscheme                     = 0
   MMChargeScaleFactor            = 1
qm-opts:
   ngQM                           = 0
   constraint-algorithm           = Lincs
   continuation                   = false
   Shake-SOR                      = false
   shake-tol                      = 0.0001
   lincs-order                    = 4
   lincs-iter                     = 2
   lincs-warnangle                = 30
   nwall                          = 0
   wall-type                      = 9-3
   wall-r-linpot                  = -1
   wall-atomtype[0]               = -1
   wall-atomtype[1]               = -1
   wall-density[0]                = 0
   wall-density[1]                = 0
   wall-ewald-zfac                = 3
   pull                           = false
   rotation                       = false
   interactiveMD                  = false
   disre                          = No
   disre-weighting                = Conservative
   disre-mixed                    = false
   dr-fc                          = 1000
   dr-tau                         = 0
   nstdisreout                    = 100
   orire-fc                       = 0
   orire-tau                      = 0
   nstorireout                    = 100
   free-energy                    = no
   cos-acceleration               = 0
   deform (3x3):
      deform[    0]={ 0.00000e+00,  0.00000e+00,  0.00000e+00}
      deform[    1]={ 0.00000e+00,  0.00000e+00,  0.00000e+00}
      deform[    2]={ 0.00000e+00,  0.00000e+00,  0.00000e+00}
   simulated-tempering            = false
   E-x:
      n = 0
   E-xt:
      n = 0
   E-y:
      n = 0
   E-yt:
      n = 0
   E-z:
      n = 0
   E-zt:
      n = 0
   swapcoords                     = no
   userint1                       = 0
   userint2                       = 0
   userint3                       = 0
   userint4                       = 0
   userreal1                      = 0
   userreal2                      = 0
   userreal3                      = 0
   userreal4                      = 0
grpopts:
   nrdf:         254
   ref-t:      298.15
   tau-t:         0.1
annealing:          No
annealing-npoints:           0
   acc:	           0           0           0
   nfreeze:           N           N           N
   energygrp-flags[  0]: 0

Using 1 MPI thread
Using 4 OpenMP threads 

2 compatible GPUs are present, with IDs 0,1
1 GPU auto-selected for this run.
Mapping of GPU ID to the 1 PP rank in this node: 0


NOTE: potentially sub-optimal launch configuration, gmx mdrun started with less
      PP thread-MPI thread than GPUs available.
      Each PP thread-MPI thread can use only one GPU, 1 GPU will be used.

Will do PME sum in reciprocal space for electrostatic interactions.

++++ PLEASE READ AND CITE THE FOLLOWING REFERENCE ++++
U. Essmann, L. Perera, M. L. Berkowitz, T. Darden, H. Lee and L. G. Pedersen 
A smooth particle mesh Ewald method
J. Chem. Phys. 103 (1995) pp. 8577-8592
-------- -------- --- Thank You --- -------- --------

Will do ordinary reciprocal space Ewald sum.
Using a Gaussian width (1/beta) of 0.352179 nm for Ewald
Cut-off's:   NS: 1.1   Coulomb: 1.1   LJ: 1.1
Long Range LJ corr.: <C6> 8.3225e-04
System total charge: 0.000
Generated table with 1050 data points for Ewald.
Tabscale = 500 points/nm
Generated table with 1050 data points for LJ6.
Tabscale = 500 points/nm
Generated table with 1050 data points for LJ12.
Tabscale = 500 points/nm
Generated table with 1050 data points for 1-4 COUL.
Tabscale = 500 points/nm
Generated table with 1050 data points for 1-4 LJ6.
Tabscale = 500 points/nm
Generated table with 1050 data points for 1-4 LJ12.
Tabscale = 500 points/nm
Potential shift: LJ r^-12: -3.186e-01 r^-6: -5.645e-01, Ewald -1.000e-05
Initialized non-bonded Ewald correction tables, spacing: 9.79e-04 size: 1126


Using GPU 8x8 non-bonded kernels

Using Lorentz-Berthelot Lennard-Jones combination rule

Removing pbc first time
Pinning threads with an auto-selected logical core stride of 1

Initializing LINear Constraint Solver

++++ PLEASE READ AND CITE THE FOLLOWING REFERENCE ++++
B. Hess and H. Bekker and H. J. C. Berendsen and J. G. E. M. Fraaije
LINCS: A Linear Constraint Solver for molecular simulations
J. Comp. Chem. 18 (1997) pp. 1463-1472
-------- -------- --- Thank You --- -------- --------

The number of constraints is 52
Intra-simulation communication will occur every 10 steps.
Center of mass motion removal mode is Linear
We have the following groups for center of mass motion removal:
  0:  rest

++++ PLEASE READ AND CITE THE FOLLOWING REFERENCE ++++
G. Bussi, D. Donadio and M. Parrinello
Canonical sampling through velocity rescaling
J. Chem. Phys. 126 (2007) pp. 014101
-------- -------- --- Thank You --- -------- --------

There are: 103 Atoms

Constraining the starting coordinates (step 0)

Constraining the coordinates at t0-dt (step 0)
RMS relative constraint deviation after constraining: 1.36e-06
Initial temperature: 314.208 K

Started mdrun on rank 0 Thu Jan 18 16:39:38 2018
           Step           Time
              0        0.00000

   Energies (kJ/mol)
           Bond          Angle    Proper Dih.  Improper Dih.          LJ-14
    2.35690e+01    1.69347e+02    4.28514e+02    1.05903e+01    7.82934e+01
     Coulomb-14        LJ (SR)  Disper. corr.   Coulomb (SR)   Coul. recip.
    2.94396e+03   -1.29824e+02    3.21504e-04   -3.43605e+03    5.19580e+02
      Potential    Kinetic En.   Total Energy  Conserved En.    Temperature
    6.07984e+02    3.33828e+02    9.41812e+02    9.41812e+02    3.16144e+02
 Pres. DC (bar) Pressure (bar)   Constr. rmsd
   -3.40567e-04    7.79094e-01    1.40054e-06

step   80: timed with pme grid 72 72 64, coulomb cutoff 1.100: 226.9 M-cycles
step  160: timed with pme grid 64 64 60, coulomb cutoff 1.170: 146.6 M-cycles
step  240: timed with pme grid 56 60 56, coulomb cutoff 1.290: 118.6 M-cycles
step  320: timed with pme grid 52 52 52, coulomb cutoff 1.440: 95.6 M-cycles
step  400: timed with pme grid 48 48 48, coulomb cutoff 1.560: 62.6 M-cycles
step  480: timed with pme grid 44 44 42, coulomb cutoff 1.702: 66.3 M-cycles
step  560: timed with pme grid 40 40 36, coulomb cutoff 1.941: 43.1 M-cycles
step  640: timed with pme grid 36 36 32, coulomb cutoff 2.184: 36.4 M-cycles
step  720: timed with pme grid 32 32 32, coulomb cutoff 2.341: 26.7 M-cycles
step  800: timed with pme grid 28 32 28, coulomb cutoff 2.581: 26.8 M-cycles
step  880: timed with pme grid 28 28 25, coulomb cutoff 2.795: 27.4 M-cycles
step  960: timed with pme grid 25 25 24, coulomb cutoff 2.996: 28.2 M-cycles
step 1040: timed with pme grid 20 24 20, coulomb cutoff 3.613: 17.6 M-cycles
step 1120: timed with pme grid 16 20 16, coulomb cutoff 4.517: 15.4 M-cycles
step 1120: the box size limits the PME load balancing to a coulomb cut-off of 4.991
step 1200: timed with pme grid 16 16 14, coulomb cutoff 4.991: 13.4 M-cycles
step 1280: timed with pme grid 16 16 16, coulomb cutoff 4.681: 16.4 M-cycles
step 1360: timed with pme grid 20 20 16, coulomb cutoff 4.367: 14.9 M-cycles
step 1440: timed with pme grid 20 20 20, coulomb cutoff 3.745: 16.9 M-cycles
              optimal pme grid 16 16 14, coulomb cutoff 4.991
           Step           Time
           2000        4.00000

   Energies (kJ/mol)
           Bond          Angle    Proper Dih.  Improper Dih.          LJ-14
    4.94659e+01    1.76262e+02    3.63461e+02    8.05368e+00    1.03840e+02
     Coulomb-14        LJ (SR)  Disper. corr.   Coulomb (SR)   Coul. recip.
    2.98996e+03   -4.80459e+01    3.21504e-04   -3.62760e+03    1.30550e+00
      Potential    Kinetic En.   Total Energy  Conserved En.    Temperature
    1.67050e+01    3.95199e+02    4.11904e+02    9.59895e+02    3.74264e+02
 Pres. DC (bar) Pressure (bar)   Constr. rmsd
   -3.40567e-04    8.70835e+00    1.46412e-06

           Step           Time
           4000        8.00000

   Energies (kJ/mol)
           Bond          Angle    Proper Dih.  Improper Dih.          LJ-14
    5.61716e+01    2.12952e+02    3.39660e+02    1.70070e+01    7.45513e+01
     Coulomb-14        LJ (SR)  Disper. corr.   Coulomb (SR)   Coul. recip.
    2.97447e+03   -7.70601e+01    3.21504e-04   -3.64930e+03    1.10512e+00
      Potential    Kinetic En.   Total Energy  Conserved En.    Temperature
   -5.04385e+01    3.07334e+02    2.56895e+02    9.63872e+02    2.91053e+02
 Pres. DC (bar) Pressure (bar)   Constr. rmsd
   -3.40567e-04    2.32436e+00    1.26974e-06

           Step           Time
           6000       12.00000

   Energies (kJ/mol)
           Bond          Angle    Proper Dih.  Improper Dih.          LJ-14
    7.23464e+01    2.09230e+02    3.48746e+02    2.35373e+01    7.80390e+01
     Coulomb-14        LJ (SR)  Disper. corr.   Coulomb (SR)   Coul. recip.
    2.94456e+03   -9.20626e+01    3.21504e-04   -3.63888e+03    8.84189e-01
      Potential    Kinetic En.   Total Energy  Conserved En.    Temperature
   -5.36008e+01    2.97496e+02    2.43895e+02    9.61614e+02    2.81736e+02
 Pres. DC (bar) Pressure (bar)   Constr. rmsd
   -3.40567e-04    1.66855e+00    1.52447e-06

           Step           Time
           8000       16.00000

   Energies (kJ/mol)
           Bond          Angle    Proper Dih.  Improper Dih.          LJ-14
    8.59603e+01    2.48192e+02    3.49905e+02    1.80779e+01    6.78422e+01
     Coulomb-14        LJ (SR)  Disper. corr.   Coulomb (SR)   Coul. recip.
    2.92708e+03   -7.70205e+01    3.21504e-04   -3.64140e+03    8.11365e-01
      Potential    Kinetic En.   Total Energy  Conserved En.    Temperature
   -2.05589e+01    3.23095e+02    3.02536e+02    9.66053e+02    3.05979e+02
 Pres. DC (bar) Pressure (bar)   Constr. rmsd
   -3.40567e-04   -8.08775e+00    1.37519e-06

           Step           Time
          10000       20.00000

   Energies (kJ/mol)
           Bond          Angle    Proper Dih.  Improper Dih.          LJ-14
    7.18590e+01    2.38158e+02    3.35342e+02    1.66725e+01    8.38389e+01
     Coulomb-14        LJ (SR)  Disper. corr.   Coulomb (SR)   Coul. recip.
    3.00333e+03   -7.52606e+01    3.21504e-04   -3.70292e+03    5.91538e-01
      Potential    Kinetic En.   Total Energy  Conserved En.    Temperature
   -2.83808e+01    3.36535e+02    3.08154e+02    9.71042e+02    3.18707e+02
 Pres. DC (bar) Pressure (bar)   Constr. rmsd
   -3.40567e-04    2.56515e+00    1.35254e-06

           Step           Time
          12000       24.00000

   Energies (kJ/mol)
           Bond          Angle    Proper Dih.  Improper Dih.          LJ-14
    7.82673e+01    2.03127e+02    3.44177e+02    1.80734e+01    8.36195e+01
     Coulomb-14        LJ (SR)  Disper. corr.   Coulomb (SR)   Coul. recip.
    2.98103e+03   -8.09971e+01    3.21504e-04   -3.64230e+03    1.08039e+00
      Potential    Kinetic En.   Total Energy  Conserved En.    Temperature
   -1.39264e+01    3.42357e+02    3.28431e+02    9.73504e+02    3.24221e+02
 Pres. DC (bar) Pressure (bar)   Constr. rmsd
   -3.40567e-04    3.93254e-01    1.51857e-06

           Step           Time
          14000       28.00000

   Energies (kJ/mol)
           Bond          Angle    Proper Dih.  Improper Dih.          LJ-14
    5.41299e+01    1.95142e+02    3.55625e+02    2.39841e+01    9.30696e+01
     Coulomb-14        LJ (SR)  Disper. corr.   Coulomb (SR)   Coul. recip.
    2.98048e+03   -6.03974e+01    3.21504e-04   -3.68076e+03    9.34462e-01
      Potential    Kinetic En.   Total Energy  Conserved En.    Temperature
   -3.77840e+01    3.01853e+02    2.64069e+02    9.80176e+02    2.85863e+02
 Pres. DC (bar) Pressure (bar)   Constr. rmsd
   -3.40567e-04    7.09221e+00    1.29581e-06

           Step           Time
          16000       32.00000

   Energies (kJ/mol)
           Bond          Angle    Proper Dih.  Improper Dih.          LJ-14
    8.47774e+01    2.15376e+02    3.35075e+02    1.17419e+01    8.07726e+01
     Coulomb-14        LJ (SR)  Disper. corr.   Coulomb (SR)   Coul. recip.
    2.97422e+03   -1.05784e+02    3.21504e-04   -3.63867e+03    7.18851e-01
      Potential    Kinetic En.   Total Energy  Conserved En.    Temperature
   -4.17759e+01    2.69542e+02    2.27766e+02    9.83635e+02    2.55263e+02
 Pres. DC (bar) Pressure (bar)   Constr. rmsd
   -3.40567e-04   -1.10908e+00    1.56285e-06

           Step           Time
          18000       36.00000

   Energies (kJ/mol)
           Bond          Angle    Proper Dih.  Improper Dih.          LJ-14
    6.19775e+01    2.02907e+02    3.47446e+02    2.29566e+01    7.80388e+01
     Coulomb-14        LJ (SR)  Disper. corr.   Coulomb (SR)   Coul. recip.
    2.99641e+03   -6.43800e+01    3.21504e-04   -3.69540e+03    7.20277e-01
      Potential    Kinetic En.   Total Energy  Conserved En.    Temperature
   -4.93153e+01    3.14721e+02    2.65405e+02    9.91954e+02    2.98049e+02
 Pres. DC (bar) Pressure (bar)   Constr. rmsd
   -3.40567e-04    4.24302e+00    1.44096e-06

           Step           Time
          20000       40.00000

   Energies (kJ/mol)
           Bond          Angle    Proper Dih.  Improper Dih.          LJ-14
    6.93223e+01    2.29997e+02    3.58822e+02    1.37803e+01    9.01642e+01
     Coulomb-14        LJ (SR)  Disper. corr.   Coulomb (SR)   Coul. recip.
    2.98902e+03   -6.66506e+01    3.21504e-04   -3.68713e+03    7.96836e-01
      Potential    Kinetic En.   Total Energy  Conserved En.    Temperature
   -1.87887e+00    3.10117e+02    3.08238e+02    1.00347e+03    2.93689e+02
 Pres. DC (bar) Pressure (bar)   Constr. rmsd
   -3.40567e-04   -5.86341e-01    1.65973e-06

           Step           Time
          22000       44.00000

   Energies (kJ/mol)
           Bond          Angle    Proper Dih.  Improper Dih.          LJ-14
    5.54976e+01    2.41690e+02    3.35899e+02    1.05238e+01    8.00566e+01
     Coulomb-14        LJ (SR)  Disper. corr.   Coulomb (SR)   Coul. recip.
    2.97839e+03   -8.69762e+01    3.21504e-04   -3.64424e+03    7.61593e-01
      Potential    Kinetic En.   Total Energy  Conserved En.    Temperature
   -2.83973e+01    3.10282e+02    2.81885e+02    1.00849e+03    2.93845e+02
 Pres. DC (bar) Pressure (bar)   Constr. rmsd
   -3.40567e-04   -2.77717e+00    1.36959e-06

           Step           Time
          24000       48.00000

   Energies (kJ/mol)
           Bond          Angle    Proper Dih.  Improper Dih.          LJ-14
    6.22010e+01    2.10768e+02    3.48102e+02    1.88906e+01    8.22763e+01
     Coulomb-14        LJ (SR)  Disper. corr.   Coulomb (SR)   Coul. recip.
    2.99149e+03   -4.95662e+01    3.21504e-04   -3.71544e+03    6.06755e-01
      Potential    Kinetic En.   Total Energy  Conserved En.    Temperature
   -5.06695e+01    3.63773e+02    3.13103e+02    1.00766e+03    3.44502e+02
 Pres. DC (bar) Pressure (bar)   Constr. rmsd
   -3.40567e-04    3.18182e+00    1.49716e-06

           Step           Time
          26000       52.00000

   Energies (kJ/mol)
           Bond          Angle    Proper Dih.  Improper Dih.          LJ-14
    5.38328e+01    2.64140e+02    3.52417e+02    2.37648e+01    7.93968e+01
     Coulomb-14        LJ (SR)  Disper. corr.   Coulomb (SR)   Coul. recip.
    2.99112e+03   -7.84300e+01    3.21504e-04   -3.67326e+03    7.21184e-01
      Potential    Kinetic En.   Total Energy  Conserved En.    Temperature
    1.37034e+01    3.19259e+02    3.32962e+02    1.01734e+03    3.02347e+02
 Pres. DC (bar) Pressure (bar)   Constr. rmsd
   -3.40567e-04    1.50972e+00    1.30008e-06

           Step           Time
          28000       56.00000

   Energies (kJ/mol)
           Bond          Angle    Proper Dih.  Improper Dih.          LJ-14
    1.03639e+02    2.10328e+02    3.52628e+02    1.03123e+01    8.16913e+01
     Coulomb-14        LJ (SR)  Disper. corr.   Coulomb (SR)   Coul. recip.
    2.98582e+03   -8.01485e+01    3.21504e-04   -3.66863e+03    8.48444e-01
      Potential    Kinetic En.   Total Energy  Conserved En.    Temperature
   -3.51012e+00    3.33534e+02    3.30024e+02    1.01565e+03    3.15866e+02
 Pres. DC (bar) Pressure (bar)   Constr. rmsd
   -3.40567e-04   -4.51141e+00    1.61868e-06

           Step           Time
          30000       60.00000

   Energies (kJ/mol)
           Bond          Angle    Proper Dih.  Improper Dih.          LJ-14
    1.03357e+02    2.44115e+02    3.47702e+02    1.72091e+01    6.77281e+01
     Coulomb-14        LJ (SR)  Disper. corr.   Coulomb (SR)   Coul. recip.
    2.93176e+03   -7.43512e+01    3.21504e-04   -3.62295e+03    5.51974e-01
      Potential    Kinetic En.   Total Energy  Conserved En.    Temperature
    1.51187e+01    2.85038e+02    3.00157e+02    1.02579e+03    2.69939e+02
 Pres. DC (bar) Pressure (bar)   Constr. rmsd
   -3.40567e-04   -1.24652e+01    1.53777e-06

           Step           Time
          32000       64.00000

   Energies (kJ/mol)
           Bond          Angle    Proper Dih.  Improper Dih.          LJ-14
    7.92808e+01    2.43752e+02    3.34038e+02    7.91418e+00    8.54511e+01
     Coulomb-14        LJ (SR)  Disper. corr.   Coulomb (SR)   Coul. recip.
    2.97614e+03   -8.78663e+01    3.21504e-04   -3.65779e+03    6.85738e-01
      Potential    Kinetic En.   Total Energy  Conserved En.    Temperature
   -1.83979e+01    2.73471e+02    2.55073e+02    1.02314e+03    2.58985e+02
 Pres. DC (bar) Pressure (bar)   Constr. rmsd
   -3.40567e-04   -8.84018e-01    1.52942e-06

           Step           Time
          34000       68.00000

   Energies (kJ/mol)
           Bond          Angle    Proper Dih.  Improper Dih.          LJ-14
    8.84347e+01    2.24790e+02    3.39815e+02    2.23206e+01    7.30512e+01
     Coulomb-14        LJ (SR)  Disper. corr.   Coulomb (SR)   Coul. recip.
    2.94863e+03   -9.70630e+01    3.21504e-04   -3.62459e+03    1.11456e+00
      Potential    Kinetic En.   Total Energy  Conserved En.    Temperature
   -2.34935e+01    3.35242e+02    3.11749e+02    1.02833e+03    3.17483e+02
 Pres. DC (bar) Pressure (bar)   Constr. rmsd
   -3.40567e-04    3.96088e+00    1.42554e-06

           Step           Time
          36000       72.00000

   Energies (kJ/mol)
           Bond          Angle    Proper Dih.  Improper Dih.          LJ-14
    6.33425e+01    2.14416e+02    3.40829e+02    1.45627e+01    8.58277e+01
     Coulomb-14        LJ (SR)  Disper. corr.   Coulomb (SR)   Coul. recip.
    2.98720e+03   -3.66034e+01    3.21504e-04   -3.71052e+03    1.03560e+00
      Potential    Kinetic En.   Total Energy  Conserved En.    Temperature
   -3.99118e+01    3.13971e+02    2.74059e+02    1.02570e+03    2.97339e+02
 Pres. DC (bar) Pressure (bar)   Constr. rmsd
   -3.40567e-04    1.04793e+01    1.57861e-06

           Step           Time
          38000       76.00000

   Energies (kJ/mol)
           Bond          Angle    Proper Dih.  Improper Dih.          LJ-14
    7.57811e+01    2.10408e+02    3.39512e+02    2.18101e+01    8.88946e+01
     Coulomb-14        LJ (SR)  Disper. corr.   Coulomb (SR)   Coul. recip.
    2.97428e+03   -9.19199e+01    3.21504e-04   -3.64905e+03    7.29880e-01
      Potential    Kinetic En.   Total Energy  Conserved En.    Temperature
   -2.95581e+01    2.86198e+02    2.56640e+02    1.03043e+03    2.71037e+02
 Pres. DC (bar) Pressure (bar)   Constr. rmsd
   -3.40567e-04    1.27727e+00    1.43423e-06

           Step           Time
          40000       80.00000

   Energies (kJ/mol)
           Bond          Angle    Proper Dih.  Improper Dih.          LJ-14
    9.42498e+01    2.34435e+02    3.48680e+02    2.04205e+01    7.99842e+01
     Coulomb-14        LJ (SR)  Disper. corr.   Coulomb (SR)   Coul. recip.
    2.95631e+03   -9.93072e+01    3.21504e-04   -3.66372e+03    8.67294e-01
      Potential    Kinetic En.   Total Energy  Conserved En.    Temperature
   -2.80787e+01    3.25642e+02    2.97564e+02    1.02714e+03    3.08392e+02
 Pres. DC (bar) Pressure (bar)   Constr. rmsd
   -3.40567e-04    3.54372e-01    1.23389e-06

           Step           Time
          42000       84.00000

   Energies (kJ/mol)
           Bond          Angle    Proper Dih.  Improper Dih.          LJ-14
    6.94986e+01    2.32612e+02    3.78142e+02    1.37536e+01    8.29470e+01
     Coulomb-14        LJ (SR)  Disper. corr.   Coulomb (SR)   Coul. recip.
    3.00187e+03   -7.52945e+01    3.21504e-04   -3.68359e+03    8.81280e-01
      Potential    Kinetic En.   Total Energy  Conserved En.    Temperature
    2.08186e+01    2.96683e+02    3.17502e+02    1.02850e+03    2.80967e+02
 Pres. DC (bar) Pressure (bar)   Constr. rmsd
   -3.40567e-04    2.66663e+00    1.52631e-06

           Step           Time
          44000       88.00000

   Energies (kJ/mol)
           Bond          Angle    Proper Dih.  Improper Dih.          LJ-14
    7.67450e+01    2.23900e+02    3.51979e+02    9.81882e+00    9.55936e+01
     Coulomb-14        LJ (SR)  Disper. corr.   Coulomb (SR)   Coul. recip.
    2.95098e+03   -1.01748e+02    3.21504e-04   -3.60675e+03    8.37989e-01
      Potential    Kinetic En.   Total Energy  Conserved En.    Temperature
    1.35857e+00    3.30491e+02    3.31850e+02    1.03209e+03    3.12984e+02
 Pres. DC (bar) Pressure (bar)   Constr. rmsd
   -3.40567e-04   -2.18355e+00    1.50012e-06

           Step           Time
          46000       92.00000

   Energies (kJ/mol)
           Bond          Angle    Proper Dih.  Improper Dih.          LJ-14
    7.79490e+01    2.26912e+02    3.32636e+02    1.13019e+01    7.68844e+01
     Coulomb-14        LJ (SR)  Disper. corr.   Coulomb (SR)   Coul. recip.
    2.98192e+03   -9.15446e+01    3.21504e-04   -3.60933e+03    1.34967e+00
      Potential    Kinetic En.   Total Energy  Conserved En.    Temperature
    8.07728e+00    2.66848e+02    2.74926e+02    1.03455e+03    2.52712e+02
 Pres. DC (bar) Pressure (bar)   Constr. rmsd
   -3.40567e-04    8.25727e+00    1.39232e-06

           Step           Time
          48000       96.00000

   Energies (kJ/mol)
           Bond          Angle    Proper Dih.  Improper Dih.          LJ-14
    8.77554e+01    2.01151e+02    3.40724e+02    1.40034e+01    8.27509e+01
     Coulomb-14        LJ (SR)  Disper. corr.   Coulomb (SR)   Coul. recip.
    2.96517e+03   -7.12265e+01    3.21504e-04   -3.67654e+03    7.22260e-01
      Potential    Kinetic En.   Total Energy  Conserved En.    Temperature
   -5.54918e+01    3.44581e+02    2.89089e+02    1.03096e+03    3.26327e+02
 Pres. DC (bar) Pressure (bar)   Constr. rmsd
   -3.40567e-04   -6.86192e+00    1.44342e-06

           Step           Time
          50000      100.00000

   Energies (kJ/mol)
           Bond          Angle    Proper Dih.  Improper Dih.          LJ-14
    7.82042e+01    2.33075e+02    3.48108e+02    1.61139e+01    6.72700e+01
     Coulomb-14        LJ (SR)  Disper. corr.   Coulomb (SR)   Coul. recip.
    2.94789e+03   -1.04430e+02    3.21504e-04   -3.60337e+03    8.40143e-01
      Potential    Kinetic En.   Total Energy  Conserved En.    Temperature
   -1.63046e+01    3.21284e+02    3.04979e+02    1.03106e+03    3.04264e+02
 Pres. DC (bar) Pressure (bar)   Constr. rmsd
   -3.40567e-04   -3.90192e+00    1.34200e-06

           Step           Time
          52000      104.00000

   Energies (kJ/mol)
           Bond          Angle    Proper Dih.  Improper Dih.          LJ-14
    6.97370e+01    2.23314e+02    3.36911e+02    2.17087e+01    7.63149e+01
     Coulomb-14        LJ (SR)  Disper. corr.   Coulomb (SR)   Coul. recip.
    2.95923e+03   -7.70497e+01    3.21504e-04   -3.66689e+03    6.28210e-01
      Potential    Kinetic En.   Total Energy  Conserved En.    Temperature
   -5.61000e+01    3.21494e+02    2.65394e+02    1.03463e+03    3.04464e+02
 Pres. DC (bar) Pressure (bar)   Constr. rmsd
   -3.40567e-04    1.96641e+00    1.41350e-06

           Step           Time
          54000      108.00000

   Energies (kJ/mol)
           Bond          Angle    Proper Dih.  Improper Dih.          LJ-14
    6.46899e+01    2.40353e+02    3.58602e+02    1.34184e+01    6.84341e+01
     Coulomb-14        LJ (SR)  Disper. corr.   Coulomb (SR)   Coul. recip.
    2.97492e+03   -1.09389e+02    3.21504e-04   -3.65355e+03    6.92065e-01
      Potential    Kinetic En.   Total Energy  Conserved En.    Temperature
   -4.18257e+01    3.68636e+02    3.26811e+02    1.03457e+03    3.49108e+02
 Pres. DC (bar) Pressure (bar)   Constr. rmsd
   -3.40567e-04   -3.33106e+00    1.21196e-06

           Step           Time
          56000      112.00000

   Energies (kJ/mol)
           Bond          Angle    Proper Dih.  Improper Dih.          LJ-14
    6.78818e+01    2.25570e+02    3.45052e+02    1.51788e+01    7.54302e+01
     Coulomb-14        LJ (SR)  Disper. corr.   Coulomb (SR)   Coul. recip.
    2.97595e+03   -7.93812e+01    3.21504e-04   -3.65849e+03    1.06474e+00
      Potential    Kinetic En.   Total Energy  Conserved En.    Temperature
   -3.17367e+01    3.66992e+02    3.35255e+02    1.03937e+03    3.47551e+02
 Pres. DC (bar) Pressure (bar)   Constr. rmsd
   -3.40567e-04   -8.62497e-01    1.39609e-06

           Step           Time
          58000      116.00000

   Energies (kJ/mol)
           Bond          Angle    Proper Dih.  Improper Dih.          LJ-14
    6.83739e+01    2.28478e+02    3.41514e+02    1.52635e+01    7.72988e+01
     Coulomb-14        LJ (SR)  Disper. corr.   Coulomb (SR)   Coul. recip.
    2.96176e+03   -9.77014e+01    3.21504e-04   -3.63894e+03    6.93285e-01
      Potential    Kinetic En.   Total Energy  Conserved En.    Temperature
   -4.32656e+01    3.20946e+02    2.77680e+02    1.04168e+03    3.03944e+02
 Pres. DC (bar) Pressure (bar)   Constr. rmsd
   -3.40567e-04   -7.42363e+00    1.17544e-06

           Step           Time
          60000      120.00000

   Energies (kJ/mol)
           Bond          Angle    Proper Dih.  Improper Dih.          LJ-14
    7.11904e+01    2.47795e+02    3.59480e+02    1.92396e+01    8.67746e+01
     Coulomb-14        LJ (SR)  Disper. corr.   Coulomb (SR)   Coul. recip.
    2.95383e+03   -7.77128e+01    3.21504e-04   -3.66828e+03    7.92037e-01
      Potential    Kinetic En.   Total Energy  Conserved En.    Temperature
   -6.89417e+00    3.40147e+02    3.33253e+02    1.05027e+03    3.22128e+02
 Pres. DC (bar) Pressure (bar)   Constr. rmsd
   -3.40567e-04    6.48358e+00    1.57686e-06

           Step           Time
          62000      124.00000

   Energies (kJ/mol)
           Bond          Angle    Proper Dih.  Improper Dih.          LJ-14
    6.33148e+01    1.87104e+02    3.60290e+02    1.29785e+01    8.14132e+01
     Coulomb-14        LJ (SR)  Disper. corr.   Coulomb (SR)   Coul. recip.
    2.99103e+03   -8.72149e+01    3.21504e-04   -3.67784e+03    7.56960e-01
      Potential    Kinetic En.   Total Energy  Conserved En.    Temperature
   -6.81724e+01    3.40240e+02    2.72068e+02    1.04723e+03    3.22216e+02
 Pres. DC (bar) Pressure (bar)   Constr. rmsd
   -3.40567e-04   -2.84104e+00    1.38511e-06

           Step           Time
          64000      128.00000

   Energies (kJ/mol)
           Bond          Angle    Proper Dih.  Improper Dih.          LJ-14
    5.64022e+01    2.41589e+02    3.42987e+02    9.66855e+00    8.21178e+01
     Coulomb-14        LJ (SR)  Disper. corr.   Coulomb (SR)   Coul. recip.
    2.99526e+03   -4.70743e+01    3.21504e-04   -3.70425e+03    6.91635e-01
      Potential    Kinetic En.   Total Energy  Conserved En.    Temperature
   -2.26037e+01    2.75373e+02    2.52770e+02    1.05258e+03    2.60786e+02
 Pres. DC (bar) Pressure (bar)   Constr. rmsd
   -3.40567e-04    3.54468e+00    1.50340e-06

           Step           Time
          66000      132.00000

   Energies (kJ/mol)
           Bond          Angle    Proper Dih.  Improper Dih.          LJ-14
    7.03840e+01    2.21898e+02    3.52127e+02    1.72280e+01    7.59727e+01
     Coulomb-14        LJ (SR)  Disper. corr.   Coulomb (SR)   Coul. recip.
    2.97351e+03   -8.28741e+01    3.21504e-04   -3.64040e+03    6.90110e-01
      Potential    Kinetic En.   Total Energy  Conserved En.    Temperature
   -1.14622e+01    2.93569e+02    2.82107e+02    1.05143e+03    2.78018e+02
 Pres. DC (bar) Pressure (bar)   Constr. rmsd
   -3.40567e-04    3.23760e+00    1.53822e-06

           Step           Time
          68000      136.00000

   Energies (kJ/mol)
           Bond          Angle    Proper Dih.  Improper Dih.          LJ-14
    8.08895e+01    2.32292e+02    3.49078e+02    2.13478e+01    8.26009e+01
     Coulomb-14        LJ (SR)  Disper. corr.   Coulomb (SR)   Coul. recip.
    2.92489e+03   -9.86600e+01    3.21504e-04   -3.56047e+03    8.21017e-01
      Potential    Kinetic En.   Total Energy  Conserved En.    Temperature
    3.27903e+01    3.32199e+02    3.64990e+02    1.05159e+03    3.14602e+02
 Pres. DC (bar) Pressure (bar)   Constr. rmsd
   -3.40567e-04   -2.25530e+00    1.37598e-06

           Step           Time
          70000      140.00000

   Energies (kJ/mol)
           Bond          Angle    Proper Dih.  Improper Dih.          LJ-14
    9.53214e+01    2.26293e+02    3.37798e+02    2.28956e+01    7.88056e+01
     Coulomb-14        LJ (SR)  Disper. corr.   Coulomb (SR)   Coul. recip.
    2.95607e+03   -7.05397e+01    3.21504e-04   -3.66243e+03    8.95731e-01
      Potential    Kinetic En.   Total Energy  Conserved En.    Temperature
   -1.48842e+01    3.00950e+02    2.86066e+02    1.05604e+03    2.85008e+02
 Pres. DC (bar) Pressure (bar)   Constr. rmsd
   -3.40567e-04    3.38091e+00    1.35688e-06

           Step           Time
          72000      144.00000

   Energies (kJ/mol)
           Bond          Angle    Proper Dih.  Improper Dih.          LJ-14
    9.99200e+01    2.27406e+02    3.60756e+02    2.25985e+01    1.01651e+02
     Coulomb-14        LJ (SR)  Disper. corr.   Coulomb (SR)   Coul. recip.
    3.03143e+03   -8.54348e+01    3.21504e-04   -3.71756e+03    6.00188e-01
      Potential    Kinetic En.   Total Energy  Conserved En.    Temperature
    4.13630e+01    3.25716e+02    3.67079e+02    1.05669e+03    3.08462e+02
 Pres. DC (bar) Pressure (bar)   Constr. rmsd
   -3.40567e-04    3.27762e+00    1.38543e-06

           Step           Time
          74000      148.00000

   Energies (kJ/mol)
           Bond          Angle    Proper Dih.  Improper Dih.          LJ-14
    7.00609e+01    2.52938e+02    3.36685e+02    2.84401e+01    7.74948e+01
     Coulomb-14        LJ (SR)  Disper. corr.   Coulomb (SR)   Coul. recip.
    2.92829e+03   -9.24177e+01    3.21504e-04   -3.60606e+03    9.77885e-01
      Potential    Kinetic En.   Total Energy  Conserved En.    Temperature
   -3.59748e+00    2.90778e+02    2.87181e+02    1.05534e+03    2.75374e+02
 Pres. DC (bar) Pressure (bar)   Constr. rmsd
   -3.40567e-04    3.14110e+00    1.46815e-06

           Step           Time
          76000      152.00000

   Energies (kJ/mol)
           Bond          Angle    Proper Dih.  Improper Dih.          LJ-14
    6.58540e+01    2.24887e+02    3.51217e+02    1.55042e+01    9.53268e+01
     Coulomb-14        LJ (SR)  Disper. corr.   Coulomb (SR)   Coul. recip.
    2.95168e+03   -1.09115e+02    3.21504e-04   -3.63514e+03    7.77597e-01
      Potential    Kinetic En.   Total Energy  Conserved En.    Temperature
   -3.90046e+01    3.23861e+02    2.84856e+02    1.05041e+03    3.06704e+02
 Pres. DC (bar) Pressure (bar)   Constr. rmsd
   -3.40567e-04    2.55454e+00    1.22848e-06

           Step           Time
          78000      156.00000

   Energies (kJ/mol)
           Bond          Angle    Proper Dih.  Improper Dih.          LJ-14
    5.63616e+01    1.81530e+02    3.35179e+02    1.17508e+01    8.60315e+01
     Coulomb-14        LJ (SR)  Disper. corr.   Coulomb (SR)   Coul. recip.
    2.98945e+03   -6.29558e+01    3.21504e-04   -3.66692e+03    7.56739e-01
      Potential    Kinetic En.   Total Energy  Conserved En.    Temperature
   -6.88137e+01    3.10032e+02    2.41218e+02    1.05196e+03    2.93609e+02
 Pres. DC (bar) Pressure (bar)   Constr. rmsd
   -3.40567e-04    4.26922e+00    1.48667e-06

           Step           Time
          80000      160.00000

   Energies (kJ/mol)
           Bond          Angle    Proper Dih.  Improper Dih.          LJ-14
    7.28185e+01    2.39542e+02    3.45069e+02    1.02721e+01    8.44996e+01
     Coulomb-14        LJ (SR)  Disper. corr.   Coulomb (SR)   Coul. recip.
    2.95052e+03   -1.01767e+02    3.21504e-04   -3.59059e+03    8.86950e-01
      Potential    Kinetic En.   Total Energy  Conserved En.    Temperature
    1.12496e+01    3.42595e+02    3.53845e+02    1.05524e+03    3.24447e+02
 Pres. DC (bar) Pressure (bar)   Constr. rmsd
   -3.40567e-04   -6.15514e+00    1.35098e-06

           Step           Time
          82000      164.00000

   Energies (kJ/mol)
           Bond          Angle    Proper Dih.  Improper Dih.          LJ-14
    1.05673e+02    2.08005e+02    3.43581e+02    1.46211e+01    7.39470e+01
     Coulomb-14        LJ (SR)  Disper. corr.   Coulomb (SR)   Coul. recip.
    2.97474e+03   -7.83105e+01    3.21504e-04   -3.66674e+03    8.74842e-01
      Potential    Kinetic En.   Total Energy  Conserved En.    Temperature
   -2.36090e+01    3.36986e+02    3.13377e+02    1.06039e+03    3.19135e+02
 Pres. DC (bar) Pressure (bar)   Constr. rmsd
   -3.40567e-04   -1.54873e+00    1.30869e-06

           Step           Time
          84000      168.00000

   Energies (kJ/mol)
           Bond          Angle    Proper Dih.  Improper Dih.          LJ-14
    8.61100e+01    2.45977e+02    3.44569e+02    1.07955e+01    8.70925e+01
     Coulomb-14        LJ (SR)  Disper. corr.   Coulomb (SR)   Coul. recip.
    2.96832e+03   -5.19081e+01    3.21504e-04   -3.68741e+03    7.66719e-01
      Potential    Kinetic En.   Total Energy  Conserved En.    Temperature
    4.31392e+00    2.93293e+02    2.97607e+02    1.06051e+03    2.77756e+02
 Pres. DC (bar) Pressure (bar)   Constr. rmsd
   -3.40567e-04    5.31167e+00    1.10596e-06

           Step           Time
          86000      172.00000

   Energies (kJ/mol)
           Bond          Angle    Proper Dih.  Improper Dih.          LJ-14
    6.32556e+01    2.61927e+02    3.33606e+02    9.83603e+00    8.17478e+01
     Coulomb-14        LJ (SR)  Disper. corr.   Coulomb (SR)   Coul. recip.
    2.95454e+03   -8.27177e+01    3.21504e-04   -3.66191e+03    7.51833e-01
      Potential    Kinetic En.   Total Energy  Conserved En.    Temperature
   -3.89602e+01    3.23776e+02    2.84815e+02    1.05637e+03    3.06624e+02
 Pres. DC (bar) Pressure (bar)   Constr. rmsd
   -3.40567e-04    6.94977e+00    1.32057e-06

           Step           Time
          88000      176.00000

   Energies (kJ/mol)
           Bond          Angle    Proper Dih.  Improper Dih.          LJ-14
    7.13228e+01    2.30547e+02    3.47245e+02    1.02753e+01    8.10197e+01
     Coulomb-14        LJ (SR)  Disper. corr.   Coulomb (SR)   Coul. recip.
    2.99494e+03   -8.89589e+01    3.21504e-04   -3.67156e+03    8.66673e-01
      Potential    Kinetic En.   Total Energy  Conserved En.    Temperature
   -2.43046e+01    2.89998e+02    2.65694e+02    1.05642e+03    2.74636e+02
 Pres. DC (bar) Pressure (bar)   Constr. rmsd
   -3.40567e-04    4.68275e+00    1.46258e-06

           Step           Time
          90000      180.00000

   Energies (kJ/mol)
           Bond          Angle    Proper Dih.  Improper Dih.          LJ-14
    5.53376e+01    2.53867e+02    3.48189e+02    1.65018e+01    7.40984e+01
     Coulomb-14        LJ (SR)  Disper. corr.   Coulomb (SR)   Coul. recip.
    2.98536e+03   -9.20534e+01    3.21504e-04   -3.66255e+03    7.70901e-01
      Potential    Kinetic En.   Total Energy  Conserved En.    Temperature
   -2.04771e+01    2.73500e+02    2.53023e+02    1.05986e+03    2.59011e+02
 Pres. DC (bar) Pressure (bar)   Constr. rmsd
   -3.40567e-04    5.66586e+00    1.36586e-06

           Step           Time
          92000      184.00000

   Energies (kJ/mol)
           Bond          Angle    Proper Dih.  Improper Dih.          LJ-14
    6.61599e+01    2.47927e+02    3.38792e+02    2.58007e+01    8.00381e+01
     Coulomb-14        LJ (SR)  Disper. corr.   Coulomb (SR)   Coul. recip.
    2.97060e+03   -8.10419e+01    3.21504e-04   -3.66475e+03    6.06641e-01
      Potential    Kinetic En.   Total Energy  Conserved En.    Temperature
   -1.58759e+01    3.36340e+02    3.20464e+02    1.05765e+03    3.18522e+02
 Pres. DC (bar) Pressure (bar)   Constr. rmsd
   -3.40567e-04   -5.71948e-01    1.32656e-06

           Step           Time
          94000      188.00000

   Energies (kJ/mol)
           Bond          Angle    Proper Dih.  Improper Dih.          LJ-14
    9.41091e+01    2.03343e+02    3.34555e+02    1.19178e+01    7.93410e+01
     Coulomb-14        LJ (SR)  Disper. corr.   Coulomb (SR)   Coul. recip.
    2.94556e+03   -5.07011e+01    3.21504e-04   -3.67519e+03    8.49662e-01
      Potential    Kinetic En.   Total Energy  Conserved En.    Temperature
   -5.62140e+01    3.00747e+02    2.44533e+02    1.05548e+03    2.84815e+02
 Pres. DC (bar) Pressure (bar)   Constr. rmsd
   -3.40567e-04   -9.25561e-01    1.39990e-06

           Step           Time
          96000      192.00000

   Energies (kJ/mol)
           Bond          Angle    Proper Dih.  Improper Dih.          LJ-14
    6.16405e+01    2.34862e+02    3.69109e+02    1.43690e+01    8.74899e+01
     Coulomb-14        LJ (SR)  Disper. corr.   Coulomb (SR)   Coul. recip.
    2.94796e+03   -8.35579e+01    3.21504e-04   -3.65121e+03    6.15776e-01
      Potential    Kinetic En.   Total Energy  Conserved En.    Temperature
   -1.87194e+01    2.72969e+02    2.54249e+02    1.05770e+03    2.58509e+02
 Pres. DC (bar) Pressure (bar)   Constr. rmsd
   -3.40567e-04    3.68776e+00    1.55225e-06

           Step           Time
          98000      196.00000

   Energies (kJ/mol)
           Bond          Angle    Proper Dih.  Improper Dih.          LJ-14
    7.00870e+01    2.32811e+02    3.55128e+02    1.77535e+01    8.81239e+01
     Coulomb-14        LJ (SR)  Disper. corr.   Coulomb (SR)   Coul. recip.
    3.00526e+03   -4.70324e+01    3.21504e-04   -3.74199e+03    7.98171e-01
      Potential    Kinetic En.   Total Energy  Conserved En.    Temperature
   -1.90626e+01    3.46010e+02    3.26947e+02    1.06554e+03    3.27680e+02
 Pres. DC (bar) Pressure (bar)   Constr. rmsd
   -3.40567e-04    5.27996e+00    1.21719e-06

           Step           Time
         100000      200.00000

Writing checkpoint, step 100000 at Thu Jan 18 16:39:55 2018


   Energies (kJ/mol)
           Bond          Angle    Proper Dih.  Improper Dih.          LJ-14
    7.77442e+01    1.93130e+02    3.59758e+02    1.11859e+01    7.91276e+01
     Coulomb-14        LJ (SR)  Disper. corr.   Coulomb (SR)   Coul. recip.
    2.99925e+03   -7.88980e+01    3.21504e-04   -3.67053e+03    1.00716e+00
      Potential    Kinetic En.   Total Energy  Conserved En.    Temperature
   -2.82271e+01    3.27725e+02    2.99498e+02    1.06570e+03    3.10365e+02
 Pres. DC (bar) Pressure (bar)   Constr. rmsd
   -3.40567e-04    8.93158e-02    1.50708e-06

	<======  ###############  ==>
	<====  A V E R A G E S  ====>
	<==  ###############  ======>

	Statistics over 100001 steps using 1001 frames

   Energies (kJ/mol)
           Bond          Angle    Proper Dih.  Improper Dih.          LJ-14
    7.57639e+01    2.26929e+02    3.46944e+02    1.65363e+01    8.10896e+01
     Coulomb-14        LJ (SR)  Disper. corr.   Coulomb (SR)   Coul. recip.
    2.96587e+03   -7.76715e+01    3.21504e-04   -3.64933e+03    2.79726e+00
      Potential    Kinetic En.   Total Energy  Conserved En.    Temperature
   -1.10669e+01    3.15328e+02    3.04261e+02    1.02785e+03    2.98624e+02
 Pres. DC (bar) Pressure (bar)   Constr. rmsd
   -3.40567e-04    1.18819e-01    0.00000e+00

   Total Virial (kJ/mol)
    1.13380e+02    2.02605e-01    2.19652e+00
    2.02708e-01    9.51570e+01    4.75362e+00
    2.19667e+00    4.75352e+00    9.42971e+01

   Pressure (bar)
   -2.27383e-01    7.71011e-03   -6.45685e-02
    7.70718e-03    2.64262e-01   -1.13477e-01
   -6.45726e-02   -1.13474e-01    3.19580e-01


       P P   -   P M E   L O A D   B A L A N C I N G

 NOTE: The PP/PME load balancing was limited by the box size,
       you might not have reached a good load balance.

 PP/PME load balancing changed the cut-off and PME settings:
           particle-particle                    PME
            rcoulomb  rlist            grid      spacing   1/beta
   initial  1.100 nm  1.100 nm      72  72  64   0.159 nm  0.352 nm
   final    4.991 nm  4.991 nm      16  16  14   0.726 nm  1.598 nm
 cost-ratio           93.42             0.01
 (note that these numbers concern only part of the total PP and PME load)


	M E G A - F L O P S   A C C O U N T I N G

 NB=Group-cutoff nonbonded kernels    NxN=N-by-N cluster Verlet kernels
 RF=Reaction-Field  VdW=Van der Waals  QSTab=quadratic-spline table
 W3=SPC/TIP3p  W4=TIP4p (single or pairs)
 V&F=Potential and force  V=Potential only  F=Force only

 Computing:                               M-Number         M-Flops  % Flops
-----------------------------------------------------------------------------
 Pair Search distance check              10.572832          95.155     0.1
 NxN Ewald Elec. + LJ [F]               576.576000       38054.016    24.5
 NxN Ewald Elec. + LJ [V&F]               5.829824         623.791     0.4
 1,4 nonbonded interactions              24.900249        2241.022     1.4
 Calc Weights                            30.900309        1112.411     0.7
 Spread Q Bspline                       659.206592        1318.413     0.8
 Gather F Bspline                       659.206592        3955.240     2.5
 3D-FFT                               11977.642074       95821.137    61.7
 Solve PME                               27.465296        1757.779     1.1
 Shift-X                                  0.257603           1.546     0.0
 Bonds                                    5.000050         295.003     0.2
 Angles                                  18.300183        3074.431     2.0
 Propers                                 25.600256        5862.459     3.8
 Impropers                                1.900019         395.204     0.3
 Virial                                   0.148148           2.667     0.0
 Stop-CM                                  0.103206           1.032     0.0
 Calc-Ekin                                2.060206          55.626     0.0
 Lincs                                    5.200156         312.009     0.2
 Lincs-Mat                               39.601188         158.405     0.1
 Constraint-V                            10.400208          83.202     0.1
 Constraint-Vir                           0.052052           1.249     0.0
-----------------------------------------------------------------------------
 Total                                                  155221.796   100.0
-----------------------------------------------------------------------------


     R E A L   C Y C L E   A N D   T I M E   A C C O U N T I N G

On 1 MPI rank, each using 4 OpenMP threads

 Computing:          Num   Num      Call    Wall time         Giga-Cycles
                     Ranks Threads  Count      (s)         total sum    %
-----------------------------------------------------------------------------
 Neighbor search        1    4       2501       0.162          2.006   1.0
 Launch GPU ops.        1    4     100001       3.450         42.684  20.5
 Force                  1    4     100001       1.435         17.749   8.5
 PME mesh               1    4     100001       5.076         62.802  30.1
 Wait GPU local         1    4     100001       0.829         10.256   4.9
 NB X/F buffer ops.     1    4     197501       0.480          5.940   2.9
 Write traj.            1    4        101       0.140          1.729   0.8
 Update                 1    4     100001       0.369          4.567   2.2
 Constraints            1    4     100001       0.444          5.489   2.6
 Rest                                           4.454         55.104  26.5
-----------------------------------------------------------------------------
 Total                                         16.839        208.327 100.0
-----------------------------------------------------------------------------
 Breakdown of PME mesh computation
-----------------------------------------------------------------------------
 PME spread/gather      1    4     200002       2.860         35.381  17.0
 PME 3D-FFT             1    4     200002       1.714         21.209  10.2
 PME solve Elec         1    4     100001       0.350          4.332   2.1
-----------------------------------------------------------------------------

 GPU timings
-----------------------------------------------------------------------------
 Computing:                         Count  Wall t (s)      ms/step       %
-----------------------------------------------------------------------------
 Pair list H2D                       2501       0.060        0.024     1.0
 X / q H2D                         100001       0.834        0.008    13.6
 Nonbonded F kernel                 97000       3.871        0.040    63.2
 Nonbonded F+ene k.                   500       0.026        0.052     0.4
 Nonbonded F+prune k.                2000       0.091        0.046     1.5
 Nonbonded F+ene+prune k.             501       0.028        0.057     0.5
 F D2H                             100001       1.215        0.012    19.8
-----------------------------------------------------------------------------
 Total                                          6.125        0.061   100.0
-----------------------------------------------------------------------------

Average per-step force GPU/CPU evaluation time ratio: 0.061 ms/0.065 ms = 0.941
For optimal performance this ratio should be close to 1!

               Core t (s)   Wall t (s)        (%)
       Time:       67.355       16.839      400.0
                 (ns/day)    (hour/ns)
Performance:     1026.219        0.023
Finished mdrun on rank 0 Thu Jan 18 16:39:55 2018
